<?xml version="1.0" encoding="UTF-8"?>
<testsuite xmlns:xsi="http://www.w3.org/2001/XMLSchema-instance" xsi:noNamespaceSchemaLocation="https://maven.apache.org/surefire/maven-surefire-plugin/xsd/surefire-test-report.xsd" name="za.ac.nwu.ac.logic.flow.impl.ModuloTest" time="0" tests="2" errors="0" skipped="0" failures="0">
  <properties>
    <property name="sun.desktop" value="windows"/>
    <property name="awt.toolkit" value="sun.awt.windows.WToolkit"/>
    <property name="java.specification.version" value="11"/>
    <property name="sun.cpu.isalist" value="amd64"/>
    <property name="sun.jnu.encoding" value="Cp1252"/>
    <property name="java.class.path" value="C:\Users\MZWEWE\Documents\AccountSystem\AccountSystemLogic\target\test-classes;C:\Users\MZWEWE\Documents\AccountSystem\AccountSystemLogic\target\classes;C:\Users\MZWEWE\Documents\AccountSystem\AccountSystemDomain\target\AccountSystemDomain-1.0-SNAPSHOT.jar;C:\Users\MZWEWE\IdeaProjects\repo\io\swagger\swagger-annotations\1.5.20\swagger-annotations-1.5.20.jar;C:\Users\MZWEWE\IdeaProjects\repo\com\fasterxml\jackson\core\jackson-annotations\2.9.0\jackson-annotations-2.9.0.jar;C:\Users\MZWEWE\Documents\AccountSystem\AccountSystemTranslator\target\AccountSystemTranslator-1.0-SNAPSHOT.jar;C:\Users\MZWEWE\Documents\AccountSystem\AccountSystemRepository\target\AccountSystemRepository-1.0-SNAPSHOT.jar;C:\Users\MZWEWE\IdeaProjects\repo\org\springframework\boot\spring-boot-starter-data-jpa\2.1.6.RELEASE\spring-boot-starter-data-jpa-2.1.6.RELEASE.jar;C:\Users\MZWEWE\IdeaProjects\repo\org\springframework\boot\spring-boot-starter-aop\2.1.6.RELEASE\spring-boot-starter-aop-2.1.6.RELEASE.jar;C:\Users\MZWEWE\IdeaProjects\repo\org\springframework\spring-aop\5.1.8.RELEASE\spring-aop-5.1.8.RELEASE.jar;C:\Users\MZWEWE\IdeaProjects\repo\org\aspectj\aspectjweaver\1.9.4\aspectjweaver-1.9.4.jar;C:\Users\MZWEWE\IdeaProjects\repo\org\springframework\boot\spring-boot-starter-jdbc\2.1.6.RELEASE\spring-boot-starter-jdbc-2.1.6.RELEASE.jar;C:\Users\MZWEWE\IdeaProjects\repo\com\zaxxer\HikariCP\3.2.0\HikariCP-3.2.0.jar;C:\Users\MZWEWE\IdeaProjects\repo\org\springframework\spring-jdbc\5.1.8.RELEASE\spring-jdbc-5.1.8.RELEASE.jar;C:\Users\MZWEWE\IdeaProjects\repo\javax\transaction\javax.transaction-api\1.3\javax.transaction-api-1.3.jar;C:\Users\MZWEWE\IdeaProjects\repo\org\hibernate\hibernate-core\5.3.10.Final\hibernate-core-5.3.10.Final.jar;C:\Users\MZWEWE\IdeaProjects\repo\org\jboss\logging\jboss-logging\3.3.2.Final\jboss-logging-3.3.2.Final.jar;C:\Users\MZWEWE\IdeaProjects\repo\javax\persistence\javax.persistence-api\2.2\javax.persistence-api-2.2.jar;C:\Users\MZWEWE\IdeaProjects\repo\org\javassist\javassist\3.23.2-GA\javassist-3.23.2-GA.jar;C:\Users\MZWEWE\IdeaProjects\repo\antlr\antlr\2.7.7\antlr-2.7.7.jar;C:\Users\MZWEWE\IdeaProjects\repo\org\jboss\jandex\2.0.5.Final\jandex-2.0.5.Final.jar;C:\Users\MZWEWE\IdeaProjects\repo\com\fasterxml\classmate\1.4.0\classmate-1.4.0.jar;C:\Users\MZWEWE\IdeaProjects\repo\org\dom4j\dom4j\2.1.1\dom4j-2.1.1.jar;C:\Users\MZWEWE\IdeaProjects\repo\org\hibernate\common\hibernate-commons-annotations\5.0.4.Final\hibernate-commons-annotations-5.0.4.Final.jar;C:\Users\MZWEWE\IdeaProjects\repo\org\springframework\data\spring-data-jpa\2.1.9.RELEASE\spring-data-jpa-2.1.9.RELEASE.jar;C:\Users\MZWEWE\IdeaProjects\repo\org\springframework\data\spring-data-commons\2.1.9.RELEASE\spring-data-commons-2.1.9.RELEASE.jar;C:\Users\MZWEWE\IdeaProjects\repo\org\springframework\spring-orm\5.1.8.RELEASE\spring-orm-5.1.8.RELEASE.jar;C:\Users\MZWEWE\IdeaProjects\repo\org\springframework\spring-tx\5.1.8.RELEASE\spring-tx-5.1.8.RELEASE.jar;C:\Users\MZWEWE\IdeaProjects\repo\org\springframework\spring-beans\5.1.8.RELEASE\spring-beans-5.1.8.RELEASE.jar;C:\Users\MZWEWE\IdeaProjects\repo\org\springframework\spring-aspects\5.1.8.RELEASE\spring-aspects-5.1.8.RELEASE.jar;C:\Users\MZWEWE\IdeaProjects\repo\mysql\mysql-connector-java\8.0.16\mysql-connector-java-8.0.16.jar;C:\Users\MZWEWE\IdeaProjects\repo\com\google\protobuf\protobuf-java\3.6.1\protobuf-java-3.6.1.jar;C:\Users\MZWEWE\IdeaProjects\repo\org\springframework\spring-core\5.1.8.RELEASE\spring-core-5.1.8.RELEASE.jar;C:\Users\MZWEWE\IdeaProjects\repo\org\springframework\spring-jcl\5.1.8.RELEASE\spring-jcl-5.1.8.RELEASE.jar;C:\Users\MZWEWE\IdeaProjects\repo\org\springframework\boot\spring-boot-starter-test\2.1.6.RELEASE\spring-boot-starter-test-2.1.6.RELEASE.jar;C:\Users\MZWEWE\IdeaProjects\repo\org\springframework\boot\spring-boot-starter\2.1.6.RELEASE\spring-boot-starter-2.1.6.RELEASE.jar;C:\Users\MZWEWE\IdeaProjects\repo\org\springframework\boot\spring-boot\2.1.6.RELEASE\spring-boot-2.1.6.RELEASE.jar;C:\Users\MZWEWE\IdeaProjects\repo\org\springframework\spring-context\5.1.8.RELEASE\spring-context-5.1.8.RELEASE.jar;C:\Users\MZWEWE\IdeaProjects\repo\org\springframework\spring-expression\5.1.8.RELEASE\spring-expression-5.1.8.RELEASE.jar;C:\Users\MZWEWE\IdeaProjects\repo\org\springframework\boot\spring-boot-autoconfigure\2.1.6.RELEASE\spring-boot-autoconfigure-2.1.6.RELEASE.jar;C:\Users\MZWEWE\IdeaProjects\repo\org\springframework\boot\spring-boot-starter-logging\2.1.6.RELEASE\spring-boot-starter-logging-2.1.6.RELEASE.jar;C:\Users\MZWEWE\IdeaProjects\repo\ch\qos\logback\logback-classic\1.2.3\logback-classic-1.2.3.jar;C:\Users\MZWEWE\IdeaProjects\repo\ch\qos\logback\logback-core\1.2.3\logback-core-1.2.3.jar;C:\Users\MZWEWE\IdeaProjects\repo\org\apache\logging\log4j\log4j-to-slf4j\2.11.2\log4j-to-slf4j-2.11.2.jar;C:\Users\MZWEWE\IdeaProjects\repo\org\apache\logging\log4j\log4j-api\2.11.2\log4j-api-2.11.2.jar;C:\Users\MZWEWE\IdeaProjects\repo\org\slf4j\jul-to-slf4j\1.7.26\jul-to-slf4j-1.7.26.jar;C:\Users\MZWEWE\IdeaProjects\repo\javax\annotation\javax.annotation-api\1.3.2\javax.annotation-api-1.3.2.jar;C:\Users\MZWEWE\IdeaProjects\repo\org\yaml\snakeyaml\1.23\snakeyaml-1.23.jar;C:\Users\MZWEWE\IdeaProjects\repo\org\springframework\boot\spring-boot-test\2.1.6.RELEASE\spring-boot-test-2.1.6.RELEASE.jar;C:\Users\MZWEWE\IdeaProjects\repo\org\springframework\boot\spring-boot-test-autoconfigure\2.1.6.RELEASE\spring-boot-test-autoconfigure-2.1.6.RELEASE.jar;C:\Users\MZWEWE\IdeaProjects\repo\com\jayway\jsonpath\json-path\2.4.0\json-path-2.4.0.jar;C:\Users\MZWEWE\IdeaProjects\repo\net\minidev\json-smart\2.3\json-smart-2.3.jar;C:\Users\MZWEWE\IdeaProjects\repo\net\minidev\accessors-smart\1.2\accessors-smart-1.2.jar;C:\Users\MZWEWE\IdeaProjects\repo\org\ow2\asm\asm\5.0.4\asm-5.0.4.jar;C:\Users\MZWEWE\IdeaProjects\repo\org\slf4j\slf4j-api\1.7.26\slf4j-api-1.7.26.jar;C:\Users\MZWEWE\IdeaProjects\repo\junit\junit\4.12\junit-4.12.jar;C:\Users\MZWEWE\IdeaProjects\repo\org\assertj\assertj-core\3.11.1\assertj-core-3.11.1.jar;C:\Users\MZWEWE\IdeaProjects\repo\org\mockito\mockito-core\2.23.4\mockito-core-2.23.4.jar;C:\Users\MZWEWE\IdeaProjects\repo\net\bytebuddy\byte-buddy\1.9.13\byte-buddy-1.9.13.jar;C:\Users\MZWEWE\IdeaProjects\repo\net\bytebuddy\byte-buddy-agent\1.9.13\byte-buddy-agent-1.9.13.jar;C:\Users\MZWEWE\IdeaProjects\repo\org\objenesis\objenesis\2.6\objenesis-2.6.jar;C:\Users\MZWEWE\IdeaProjects\repo\org\hamcrest\hamcrest-core\1.3\hamcrest-core-1.3.jar;C:\Users\MZWEWE\IdeaProjects\repo\org\hamcrest\hamcrest-library\1.3\hamcrest-library-1.3.jar;C:\Users\MZWEWE\IdeaProjects\repo\org\skyscreamer\jsonassert\1.5.0\jsonassert-1.5.0.jar;C:\Users\MZWEWE\IdeaProjects\repo\com\vaadin\external\google\android-json\0.0.20131108.vaadin1\android-json-0.0.20131108.vaadin1.jar;C:\Users\MZWEWE\IdeaProjects\repo\org\springframework\spring-test\5.1.8.RELEASE\spring-test-5.1.8.RELEASE.jar;C:\Users\MZWEWE\IdeaProjects\repo\org\xmlunit\xmlunit-core\2.6.2\xmlunit-core-2.6.2.jar;C:\Users\MZWEWE\IdeaProjects\repo\javax\xml\bind\jaxb-api\2.3.1\jaxb-api-2.3.1.jar;C:\Users\MZWEWE\IdeaProjects\repo\javax\activation\javax.activation-api\1.2.0\javax.activation-api-1.2.0.jar;"/>
    <property name="java.vm.vendor" value="Amazon.com Inc."/>
    <property name="sun.arch.data.model" value="64"/>
    <property name="user.variant" value=""/>
    <property name="java.vendor.url" value="https://aws.amazon.com/corretto/"/>
    <property name="user.timezone" value="Africa/Harare"/>
    <property name="java.vm.specification.version" value="11"/>
    <property name="os.name" value="Windows 10"/>
    <property name="sun.java.launcher" value="SUN_STANDARD"/>
    <property name="user.country" value="US"/>
    <property name="sun.boot.library.path" value="C:\Users\MZWEWE\.jdks\corretto-11.0.12\bin"/>
    <property name="sun.java.command" value="C:\PROGRA~1\KMSpico\temp\surefire13995446907741932012\surefirebooter14565845698808842730.jar C:\Program Files\KMSpico\temp\surefire13995446907741932012 2021-10-11T04-19-23_988-jvmRun1 surefire1682791068764068632tmp surefire_011011768494376093070tmp"/>
    <property name="jdk.debug" value="release"/>
    <property name="surefire.test.class.path" value="C:\Users\MZWEWE\Documents\AccountSystem\AccountSystemLogic\target\test-classes;C:\Users\MZWEWE\Documents\AccountSystem\AccountSystemLogic\target\classes;C:\Users\MZWEWE\Documents\AccountSystem\AccountSystemDomain\target\AccountSystemDomain-1.0-SNAPSHOT.jar;C:\Users\MZWEWE\IdeaProjects\repo\io\swagger\swagger-annotations\1.5.20\swagger-annotations-1.5.20.jar;C:\Users\MZWEWE\IdeaProjects\repo\com\fasterxml\jackson\core\jackson-annotations\2.9.0\jackson-annotations-2.9.0.jar;C:\Users\MZWEWE\Documents\AccountSystem\AccountSystemTranslator\target\AccountSystemTranslator-1.0-SNAPSHOT.jar;C:\Users\MZWEWE\Documents\AccountSystem\AccountSystemRepository\target\AccountSystemRepository-1.0-SNAPSHOT.jar;C:\Users\MZWEWE\IdeaProjects\repo\org\springframework\boot\spring-boot-starter-data-jpa\2.1.6.RELEASE\spring-boot-starter-data-jpa-2.1.6.RELEASE.jar;C:\Users\MZWEWE\IdeaProjects\repo\org\springframework\boot\spring-boot-starter-aop\2.1.6.RELEASE\spring-boot-starter-aop-2.1.6.RELEASE.jar;C:\Users\MZWEWE\IdeaProjects\repo\org\springframework\spring-aop\5.1.8.RELEASE\spring-aop-5.1.8.RELEASE.jar;C:\Users\MZWEWE\IdeaProjects\repo\org\aspectj\aspectjweaver\1.9.4\aspectjweaver-1.9.4.jar;C:\Users\MZWEWE\IdeaProjects\repo\org\springframework\boot\spring-boot-starter-jdbc\2.1.6.RELEASE\spring-boot-starter-jdbc-2.1.6.RELEASE.jar;C:\Users\MZWEWE\IdeaProjects\repo\com\zaxxer\HikariCP\3.2.0\HikariCP-3.2.0.jar;C:\Users\MZWEWE\IdeaProjects\repo\org\springframework\spring-jdbc\5.1.8.RELEASE\spring-jdbc-5.1.8.RELEASE.jar;C:\Users\MZWEWE\IdeaProjects\repo\javax\transaction\javax.transaction-api\1.3\javax.transaction-api-1.3.jar;C:\Users\MZWEWE\IdeaProjects\repo\org\hibernate\hibernate-core\5.3.10.Final\hibernate-core-5.3.10.Final.jar;C:\Users\MZWEWE\IdeaProjects\repo\org\jboss\logging\jboss-logging\3.3.2.Final\jboss-logging-3.3.2.Final.jar;C:\Users\MZWEWE\IdeaProjects\repo\javax\persistence\javax.persistence-api\2.2\javax.persistence-api-2.2.jar;C:\Users\MZWEWE\IdeaProjects\repo\org\javassist\javassist\3.23.2-GA\javassist-3.23.2-GA.jar;C:\Users\MZWEWE\IdeaProjects\repo\antlr\antlr\2.7.7\antlr-2.7.7.jar;C:\Users\MZWEWE\IdeaProjects\repo\org\jboss\jandex\2.0.5.Final\jandex-2.0.5.Final.jar;C:\Users\MZWEWE\IdeaProjects\repo\com\fasterxml\classmate\1.4.0\classmate-1.4.0.jar;C:\Users\MZWEWE\IdeaProjects\repo\org\dom4j\dom4j\2.1.1\dom4j-2.1.1.jar;C:\Users\MZWEWE\IdeaProjects\repo\org\hibernate\common\hibernate-commons-annotations\5.0.4.Final\hibernate-commons-annotations-5.0.4.Final.jar;C:\Users\MZWEWE\IdeaProjects\repo\org\springframework\data\spring-data-jpa\2.1.9.RELEASE\spring-data-jpa-2.1.9.RELEASE.jar;C:\Users\MZWEWE\IdeaProjects\repo\org\springframework\data\spring-data-commons\2.1.9.RELEASE\spring-data-commons-2.1.9.RELEASE.jar;C:\Users\MZWEWE\IdeaProjects\repo\org\springframework\spring-orm\5.1.8.RELEASE\spring-orm-5.1.8.RELEASE.jar;C:\Users\MZWEWE\IdeaProjects\repo\org\springframework\spring-tx\5.1.8.RELEASE\spring-tx-5.1.8.RELEASE.jar;C:\Users\MZWEWE\IdeaProjects\repo\org\springframework\spring-beans\5.1.8.RELEASE\spring-beans-5.1.8.RELEASE.jar;C:\Users\MZWEWE\IdeaProjects\repo\org\springframework\spring-aspects\5.1.8.RELEASE\spring-aspects-5.1.8.RELEASE.jar;C:\Users\MZWEWE\IdeaProjects\repo\mysql\mysql-connector-java\8.0.16\mysql-connector-java-8.0.16.jar;C:\Users\MZWEWE\IdeaProjects\repo\com\google\protobuf\protobuf-java\3.6.1\protobuf-java-3.6.1.jar;C:\Users\MZWEWE\IdeaProjects\repo\org\springframework\spring-core\5.1.8.RELEASE\spring-core-5.1.8.RELEASE.jar;C:\Users\MZWEWE\IdeaProjects\repo\org\springframework\spring-jcl\5.1.8.RELEASE\spring-jcl-5.1.8.RELEASE.jar;C:\Users\MZWEWE\IdeaProjects\repo\org\springframework\boot\spring-boot-starter-test\2.1.6.RELEASE\spring-boot-starter-test-2.1.6.RELEASE.jar;C:\Users\MZWEWE\IdeaProjects\repo\org\springframework\boot\spring-boot-starter\2.1.6.RELEASE\spring-boot-starter-2.1.6.RELEASE.jar;C:\Users\MZWEWE\IdeaProjects\repo\org\springframework\boot\spring-boot\2.1.6.RELEASE\spring-boot-2.1.6.RELEASE.jar;C:\Users\MZWEWE\IdeaProjects\repo\org\springframework\spring-context\5.1.8.RELEASE\spring-context-5.1.8.RELEASE.jar;C:\Users\MZWEWE\IdeaProjects\repo\org\springframework\spring-expression\5.1.8.RELEASE\spring-expression-5.1.8.RELEASE.jar;C:\Users\MZWEWE\IdeaProjects\repo\org\springframework\boot\spring-boot-autoconfigure\2.1.6.RELEASE\spring-boot-autoconfigure-2.1.6.RELEASE.jar;C:\Users\MZWEWE\IdeaProjects\repo\org\springframework\boot\spring-boot-starter-logging\2.1.6.RELEASE\spring-boot-starter-logging-2.1.6.RELEASE.jar;C:\Users\MZWEWE\IdeaProjects\repo\ch\qos\logback\logback-classic\1.2.3\logback-classic-1.2.3.jar;C:\Users\MZWEWE\IdeaProjects\repo\ch\qos\logback\logback-core\1.2.3\logback-core-1.2.3.jar;C:\Users\MZWEWE\IdeaProjects\repo\org\apache\logging\log4j\log4j-to-slf4j\2.11.2\log4j-to-slf4j-2.11.2.jar;C:\Users\MZWEWE\IdeaProjects\repo\org\apache\logging\log4j\log4j-api\2.11.2\log4j-api-2.11.2.jar;C:\Users\MZWEWE\IdeaProjects\repo\org\slf4j\jul-to-slf4j\1.7.26\jul-to-slf4j-1.7.26.jar;C:\Users\MZWEWE\IdeaProjects\repo\javax\annotation\javax.annotation-api\1.3.2\javax.annotation-api-1.3.2.jar;C:\Users\MZWEWE\IdeaProjects\repo\org\yaml\snakeyaml\1.23\snakeyaml-1.23.jar;C:\Users\MZWEWE\IdeaProjects\repo\org\springframework\boot\spring-boot-test\2.1.6.RELEASE\spring-boot-test-2.1.6.RELEASE.jar;C:\Users\MZWEWE\IdeaProjects\repo\org\springframework\boot\spring-boot-test-autoconfigure\2.1.6.RELEASE\spring-boot-test-autoconfigure-2.1.6.RELEASE.jar;C:\Users\MZWEWE\IdeaProjects\repo\com\jayway\jsonpath\json-path\2.4.0\json-path-2.4.0.jar;C:\Users\MZWEWE\IdeaProjects\repo\net\minidev\json-smart\2.3\json-smart-2.3.jar;C:\Users\MZWEWE\IdeaProjects\repo\net\minidev\accessors-smart\1.2\accessors-smart-1.2.jar;C:\Users\MZWEWE\IdeaProjects\repo\org\ow2\asm\asm\5.0.4\asm-5.0.4.jar;C:\Users\MZWEWE\IdeaProjects\repo\org\slf4j\slf4j-api\1.7.26\slf4j-api-1.7.26.jar;C:\Users\MZWEWE\IdeaProjects\repo\junit\junit\4.12\junit-4.12.jar;C:\Users\MZWEWE\IdeaProjects\repo\org\assertj\assertj-core\3.11.1\assertj-core-3.11.1.jar;C:\Users\MZWEWE\IdeaProjects\repo\org\mockito\mockito-core\2.23.4\mockito-core-2.23.4.jar;C:\Users\MZWEWE\IdeaProjects\repo\net\bytebuddy\byte-buddy\1.9.13\byte-buddy-1.9.13.jar;C:\Users\MZWEWE\IdeaProjects\repo\net\bytebuddy\byte-buddy-agent\1.9.13\byte-buddy-agent-1.9.13.jar;C:\Users\MZWEWE\IdeaProjects\repo\org\objenesis\objenesis\2.6\objenesis-2.6.jar;C:\Users\MZWEWE\IdeaProjects\repo\org\hamcrest\hamcrest-core\1.3\hamcrest-core-1.3.jar;C:\Users\MZWEWE\IdeaProjects\repo\org\hamcrest\hamcrest-library\1.3\hamcrest-library-1.3.jar;C:\Users\MZWEWE\IdeaProjects\repo\org\skyscreamer\jsonassert\1.5.0\jsonassert-1.5.0.jar;C:\Users\MZWEWE\IdeaProjects\repo\com\vaadin\external\google\android-json\0.0.20131108.vaadin1\android-json-0.0.20131108.vaadin1.jar;C:\Users\MZWEWE\IdeaProjects\repo\org\springframework\spring-test\5.1.8.RELEASE\spring-test-5.1.8.RELEASE.jar;C:\Users\MZWEWE\IdeaProjects\repo\org\xmlunit\xmlunit-core\2.6.2\xmlunit-core-2.6.2.jar;C:\Users\MZWEWE\IdeaProjects\repo\javax\xml\bind\jaxb-api\2.3.1\jaxb-api-2.3.1.jar;C:\Users\MZWEWE\IdeaProjects\repo\javax\activation\javax.activation-api\1.2.0\javax.activation-api-1.2.0.jar;"/>
    <property name="sun.cpu.endian" value="little"/>
    <property name="user.home" value="C:\Users\MZWEWE"/>
    <property name="user.language" value="en"/>
    <property name="java.specification.vendor" value="Oracle Corporation"/>
    <property name="java.version.date" value="2021-07-20"/>
    <property name="java.home" value="C:\Users\MZWEWE\.jdks\corretto-11.0.12"/>
    <property name="file.separator" value="\"/>
    <property name="basedir" value="C:\Users\MZWEWE\Documents\AccountSystem\AccountSystemLogic"/>
    <property name="java.vm.compressedOopsMode" value="32-bit"/>
    <property name="line.separator" value="&#10;"/>
    <property name="java.specification.name" value="Java Platform API Specification"/>
    <property name="java.vm.specification.vendor" value="Oracle Corporation"/>
    <property name="java.awt.graphicsenv" value="sun.awt.Win32GraphicsEnvironment"/>
    <property name="surefire.real.class.path" value="C:\PROGRA~1\KMSpico\temp\surefire13995446907741932012\surefirebooter14565845698808842730.jar"/>
    <property name="user.script" value=""/>
    <property name="sun.management.compiler" value="HotSpot 64-Bit Tiered Compilers"/>
    <property name="java.runtime.version" value="11.0.12+7-LTS"/>
    <property name="user.name" value="MZWEWE"/>
    <property name="path.separator" value=";"/>
    <property name="os.version" value="10.0"/>
    <property name="java.runtime.name" value="OpenJDK Runtime Environment"/>
    <property name="file.encoding" value="Cp1252"/>
    <property name="java.vm.name" value="OpenJDK 64-Bit Server VM"/>
    <property name="java.vendor.version" value="Corretto-11.0.12.7.1"/>
    <property name="localRepository" value="C:\Users\MZWEWE\IdeaProjects\repo"/>
    <property name="java.vendor.url.bug" value="https://github.com/corretto/corretto-11/issues/"/>
    <property name="java.io.tmpdir" value="C:\PROGRA~1\KMSpico\temp\"/>
    <property name="idea.version" value="2021.2"/>
    <property name="java.version" value="11.0.12"/>
    <property name="user.dir" value="C:\Users\MZWEWE\Documents\AccountSystem\AccountSystemLogic"/>
    <property name="os.arch" value="amd64"/>
    <property name="java.vm.specification.name" value="Java Virtual Machine Specification"/>
    <property name="java.awt.printerjob" value="sun.awt.windows.WPrinterJob"/>
    <property name="sun.os.patch.level" value=""/>
    <property name="java.library.path" value="C:\Users\MZWEWE\.jdks\corretto-11.0.12\bin;C:\Windows\Sun\Java\bin;C:\Windows\system32;C:\Windows;C:\Program Files\Common Files\Oracle\Java\javapath;C:\oraclexe\app\oracle\product\11.2.0\server\bin;C:\Windows\system32;C:\Windows;C:\Windows\System32\Wbem;C:\Windows\System32\WindowsPowerShell\v1.0\;C:\Windows\System32\OpenSSH\;C:\Program Files\Java\jdk-16.0.2\bin;C:\Program Files\apache-maven-3.8.2\bin;C:\Program Files\MySQL\MySQL Shell 8.0\bin\;C:\Users\MZWEWE\AppData\Local\Microsoft\WindowsApps;C:\Program Files (x86)\Nmap;C:\Users\MZWEWE\AppData\Local\GitHubDesktop\bin;C:\Program Files\apache-maven-3.8.2\bin;C:\Program Files\Java\jdk-16.0.2\bin;;C:\Program Files\JetBrains\IntelliJ IDEA 2021.2\bin;;."/>
    <property name="java.vm.info" value="mixed mode"/>
    <property name="java.vendor" value="Amazon.com Inc."/>
    <property name="java.vm.version" value="11.0.12+7-LTS"/>
    <property name="sun.io.unicode.encoding" value="UnicodeLittle"/>
    <property name="java.class.version" value="55.0"/>
  </properties>
  <testcase name="testMod" classname="za.ac.nwu.ac.logic.flow.impl.ModuloTest" time="0"/>
  <testcase name="testModBy0" classname="za.ac.nwu.ac.logic.flow.impl.ModuloTest" time="0"/>
</testsuite>